<?xml version="1.0" encoding="UTF-8"?>
<!-- Generated by org.testng.reporters.JUnitReportReporter -->
<testsuite skipped="0" hostname="NOI-43JCHC2" name="Selenium.Incognito" tests="1" failures="0" timestamp="06 May 2019 13:32:05 GMT" time="13.460" errors="0">
  <testcase name="launch" time="13.460" classname="Selenium.Incognito"/>
</testsuite> <!-- Selenium.Incognito -->
