<?xml version="1.0" encoding="UTF-8"?>
<!-- Generated by org.testng.reporters.JUnitReportReporter -->
<testsuite skipped="0" hostname="NOI-43JCHC2" name="Selenium.Exercise2" tests="1" failures="0" timestamp="18 Mar 2019 05:05:02 GMT" time="71.723" errors="0">
  <testcase name="ex1" time="71.723" classname="Selenium.Exercise2"/>
</testsuite> <!-- Selenium.Exercise2 -->
