<?xml version="1.0" encoding="UTF-8"?>
<!-- Generated by org.testng.reporters.JUnitReportReporter -->
<testsuite skipped="0" hostname="NOI-43JCHC2" name="Selenium.Exercise1" tests="1" failures="0" timestamp="18 Mar 2019 05:16:00 GMT" time="8.782" errors="0">
  <testcase name="newUI" time="8.782" classname="Selenium.Exercise1"/>
</testsuite> <!-- Selenium.Exercise1 -->
