<?xml version="1.0" encoding="UTF-8"?>
<!-- Generated by org.testng.reporters.JUnitReportReporter -->
<testsuite skipped="1" hostname="NOI-43JCHC2" name="com.practiceSuite.Alt" tests="1" failures="0" timestamp="13 Dec 2018 06:34:29 GMT" time="0.000" errors="0">
  <testcase name="collectInfo" time="0.000" classname="com.practiceSuite.Alt">
    <skipped/>
  </testcase> <!-- collectInfo -->
</testsuite> <!-- com.practiceSuite.Alt -->
