<?xml version="1.0" encoding="UTF-8"?>
<!-- Generated by org.testng.reporters.JUnitReportReporter -->
<testsuite skipped="0" hostname="NOI-43JCHC2" name="com.practiceSuite.com.practiceSuite.Alt" tests="1" failures="0" timestamp="12 Dec 2018 03:41:23 GMT" time="13.009" errors="0">
  <testcase name="collectInfo" time="13.009" classname="com.practiceSuite.com.practiceSuite.Alt"/>
</testsuite> <!-- com.practiceSuite.com.practiceSuite.Alt -->
