<?xml version="1.0" encoding="UTF-8"?>
<!-- Generated by org.testng.reporters.JUnitReportReporter -->
<testsuite skipped="0" hostname="NOI-43JCHC2" name="ExcelOperations.ExcelDataProvider2" tests="1" failures="0" timestamp="26 Jan 2019 16:24:05 GMT" time="0.448" errors="0">
  <testcase name="ReadVariant" time="0.448" classname="ExcelOperations.ExcelDataProvider2"/>
</testsuite> <!-- ExcelOperations.ExcelDataProvider2 -->
