<?xml version="1.0" encoding="UTF-8"?>
<!-- Generated by org.testng.reporters.JUnitReportReporter -->
<testsuite skipped="0" hostname="NOI-43JCHC2" name="NaveenAssign" tests="2" failures="0" timestamp="08 Apr 2019 15:52:22 GMT" time="75.281" errors="0">
  <testcase name="open" time="9.573" classname="NaveenAssign"/>
  <testcase name="valiatePriceOrder" time="65.708" classname="NaveenAssign"/>
</testsuite> <!-- NaveenAssign -->
