<?xml version="1.0" encoding="UTF-8"?>
<!-- Generated by org.testng.reporters.JUnitReportReporter -->
<testsuite skipped="0" hostname="NOI-43JCHC2" name="Selenium.ParallelExecution" tests="2" failures="0" timestamp="05 Apr 2019 03:13:55 GMT" time="15.627" errors="0">
  <testcase name="launch" time="7.546" classname="Selenium.ParallelExecution"/>
  <testcase name="launch" time="8.081" classname="Selenium.ParallelExecution"/>
</testsuite> <!-- Selenium.ParallelExecution -->
