<?xml version="1.0" encoding="UTF-8"?>
<!-- Generated by org.testng.reporters.JUnitReportReporter -->
<testsuite skipped="0" hostname="NOI-43JCHC2" name="XMLOperation.ReadAllXML" tests="1" failures="0" timestamp="23 Apr 2019 03:30:25 GMT" time="0.054" errors="0">
  <testcase name="c" time="0.054" classname="XMLOperation.ReadAllXML"/>
</testsuite> <!-- XMLOperation.ReadAllXML -->
