<?xml version="1.0" encoding="UTF-8"?>
<!-- Generated by org.testng.reporters.JUnitReportReporter -->
<testsuite skipped="0" hostname="NOI-43JCHC2" name="Selenium.Exercise3" tests="1" failures="0" timestamp="04 Apr 2019 10:32:49 GMT" time="13.225" errors="0">
  <testcase name="performAction" time="13.225" classname="Selenium.Exercise3"/>
</testsuite> <!-- Selenium.Exercise3 -->
