<?xml version="1.0" encoding="UTF-8"?>
<!-- Generated by org.testng.reporters.JUnitReportReporter -->
<testsuite skipped="0" hostname="NOI-43JCHC2" name="XMLOperation.XMLObjRepo" tests="1" failures="0" timestamp="11 Feb 2019 13:12:04 GMT" time="0.081" errors="0">
  <testcase name="a1" time="0.081" classname="XMLOperation.XMLObjRepo"/>
</testsuite> <!-- XMLOperation.XMLObjRepo -->
