<?xml version="1.0" encoding="UTF-8"?>
<!-- Generated by org.testng.reporters.JUnitReportReporter -->
<testsuite skipped="0" hostname="NOI-43JCHC2" name="JavaPractice.Sort" tests="1" failures="0" timestamp="18 Apr 2019 10:52:42 GMT" time="0.024" errors="0">
  <testcase name="ListSort" time="0.024" classname="JavaPractice.Sort"/>
</testsuite> <!-- JavaPractice.Sort -->
